R:\HFS5022\C++\WRISTBAND\WRISTBAND\X64\DEBUG\SERIALUTIL.OBJ
R:\HFS5022\C++\WRISTBAND\WRISTBAND\X64\DEBUG\SERIALCLASS.OBJ
R:\HFS5022\C++\WRISTBAND\X64\DEBUG\WRISTBAND.ILK
R:\HFS5022\C++\WRISTBAND\X64\DEBUG\WRISTBAND.EXE
R:\HFS5022\C++\WRISTBAND\X64\DEBUG\WRISTBAND.PDB
R:\hfs5022\C++\Wristband\Wristband\x64\Debug\Wristband.vcxprojResolveAssemblyReference.cache
R:\hfs5022\C++\Wristband\Wristband\x64\Debug\SerialUtil.obj
R:\hfs5022\C++\Wristband\Wristband\x64\Debug\main.obj
R:\hfs5022\C++\Wristband\Wristband\x64\Debug\SerialClass.obj
R:\hfs5022\C++\Wristband\Wristband\x64\Debug\link.4296-rc.read.1.tlog
R:\hfs5022\C++\Wristband\Wristband\x64\Debug\link.7316-cvtres.write.1.tlog
R:\hfs5022\C++\Wristband\Wristband\x64\Debug\link-cvtres.write.1.tlog
R:\hfs5022\C++\Wristband\Wristband\x64\Debug\link.3388-rc.write.1.tlog
R:\hfs5022\C++\Wristband\Wristband\x64\Debug\link.3272.read.1.tlog
R:\hfs5022\C++\Wristband\Wristband\x64\Debug\link.3388.read.1.tlog
R:\hfs5022\C++\Wristband\Wristband\x64\Debug\link.3388-cvtres.read.1.tlog
R:\hfs5022\C++\Wristband\Wristband\x64\Debug\link.6328-cvtres.read.1.tlog
R:\hfs5022\C++\Wristband\Wristband\x64\Debug\link-rc.read.1.tlog
R:\hfs5022\C++\Wristband\Wristband\x64\Debug\link.3272-cvtres.read.1.tlog
R:\hfs5022\C++\Wristband\Wristband\x64\Debug\link.6652-cvtres.read.1.tlog
R:\hfs5022\C++\Wristband\Wristband\x64\Debug\link.3272-cvtres.write.1.tlog
R:\hfs5022\C++\Wristband\Wristband\x64\Debug\link.4296.write.1.tlog
R:\hfs5022\C++\Wristband\Wristband\x64\Debug\link.7316.read.1.tlog
R:\hfs5022\C++\Wristband\Wristband\x64\Debug\link.4296-cvtres.read.1.tlog
R:\hfs5022\C++\Wristband\Wristband\x64\Debug\cl.command.1.tlog
R:\hfs5022\C++\Wristband\Wristband\x64\Debug\link.6652-rc.write.1.tlog
R:\hfs5022\C++\Wristband\Wristband\x64\Debug\link.7316-cvtres.read.1.tlog
R:\hfs5022\C++\Wristband\Wristband\x64\Debug\link.6328-cvtres.write.1.tlog
R:\hfs5022\C++\Wristband\Wristband\x64\Debug\link.3388.write.1.tlog
R:\hfs5022\C++\Wristband\Wristband\x64\Debug\link.6652.read.1.tlog
R:\hfs5022\C++\Wristband\Wristband\x64\Debug\CL.write.1.tlog
R:\hfs5022\C++\Wristband\Wristband\x64\Debug\CL.read.1.tlog
R:\hfs5022\C++\Wristband\Wristband\x64\Debug\link.4296.read.1.tlog
R:\hfs5022\C++\Wristband\Wristband\x64\Debug\link.7316-rc.write.1.tlog
R:\hfs5022\C++\Wristband\Wristband\x64\Debug\link.6328-rc.write.1.tlog
R:\hfs5022\C++\Wristband\Wristband\x64\Debug\link.6328.read.1.tlog
R:\hfs5022\C++\Wristband\Wristband\x64\Debug\link.3388-rc.read.1.tlog
R:\hfs5022\C++\Wristband\Wristband\x64\Debug\link.4296-rc.write.1.tlog
R:\hfs5022\C++\Wristband\Wristband\x64\Debug\link.command.1.tlog
R:\hfs5022\C++\Wristband\Wristband\x64\Debug\link.6652.write.1.tlog
R:\hfs5022\C++\Wristband\Wristband\x64\Debug\link.3272-rc.read.1.tlog
R:\hfs5022\C++\Wristband\Wristband\x64\Debug\link.read.1.tlog
R:\hfs5022\C++\Wristband\Wristband\x64\Debug\link.6652-rc.read.1.tlog
R:\hfs5022\C++\Wristband\Wristband\x64\Debug\link.6328-rc.read.1.tlog
R:\hfs5022\C++\Wristband\Wristband\x64\Debug\link.7316.write.1.tlog
R:\hfs5022\C++\Wristband\Wristband\x64\Debug\link.3272-rc.write.1.tlog
R:\hfs5022\C++\Wristband\Wristband\x64\Debug\link.7316-rc.read.1.tlog
R:\hfs5022\C++\Wristband\Wristband\x64\Debug\link.4296-cvtres.write.1.tlog
R:\hfs5022\C++\Wristband\Wristband\x64\Debug\link.6328.write.1.tlog
R:\hfs5022\C++\Wristband\Wristband\x64\Debug\link-rc.write.1.tlog
R:\hfs5022\C++\Wristband\Wristband\x64\Debug\link.3388-cvtres.write.1.tlog
R:\hfs5022\C++\Wristband\Wristband\x64\Debug\link.6652-cvtres.write.1.tlog
R:\hfs5022\C++\Wristband\Wristband\x64\Debug\link-cvtres.read.1.tlog
R:\hfs5022\C++\Wristband\Wristband\x64\Debug\link.3272.write.1.tlog
R:\hfs5022\C++\Wristband\Wristband\x64\Debug\link.write.1.tlog
R:\hfs5022\C++\Wristband\Wristband\x64\Debug\vc110.pdb
